<?xml version="1.0" encoding="UTF-8"?>
<!-- Generated by org.testng.reporters.JUnitXMLReporter -->
<testsuite ignored="0" hostname="DESKTOP-9PBD117" failures="1" tests="3" name="Test" time="75.37" errors="0" timestamp="2022-09-10T23:34:28 IST">
  <testcase classname="scripts.TestCase1" name="tcl" time="11.248"/>
  <testcase classname="scripts.TestCase2" name="tc2" time="23.919"/>
  <testcase classname="scripts.TestCase3" name="tc3" time="15.382">
    <failure type="org.openqa.selenium.ElementClickInterceptedException" message="element click intercepted: Element &amp;lt;iframe src=&amp;quot;https://player.vimeo.com/video/356464956&amp;quot; width=&amp;quot;600&amp;quot; height=&amp;quot;300&amp;quot; frameborder=&amp;quot;0&amp;quot; allow=&amp;quot;autoplay; fullscreen&amp;quot; allowfullscreen=&amp;quot;&amp;quot; cd_frame_id_=&amp;quot;63015c3029e352964e2d2b881e3e5058&amp;quot;&amp;gt;&amp;lt;/iframe&amp;gt; is not clickable at point (319, 499). Other element would receive the click: &amp;lt;strong&amp;gt;...&amp;lt;/strong&amp;gt;
  (Session info: chrome=105.0.5195.102)
Build info: version: &amp;apos;3.141.59&amp;apos;, revision: &amp;apos;e82be7d358&amp;apos;, time: &amp;apos;2018-11-14T08:17:03&amp;apos;
System info: host: &amp;apos;DESKTOP-9PBD117&amp;apos;, ip: &amp;apos;192.168.43.210&amp;apos;, os.name: &amp;apos;Windows 10&amp;apos;, os.arch: &amp;apos;amd64&amp;apos;, os.version: &amp;apos;10.0&amp;apos;, java.version: &amp;apos;17.0.4&amp;apos;
Driver info: org.openqa.selenium.chrome.ChromeDriver
Capabilities {acceptInsecureCerts: false, browserName: chrome, browserVersion: 105.0.5195.102, chrome: {chromedriverVersion: 105.0.5195.52 (412c95e51883..., userDataDir: C:\Users\SHREYA~1\AppData\L...}, goog:chromeOptions: {debuggerAddress: localhost:57314}, javascriptEnabled: true, networkConnectionEnabled: false, pageLoadStrategy: normal, platform: WINDOWS, platformName: WINDOWS, proxy: Proxy(), setWindowRect: true, strictFileInteractability: false, timeouts: {implicit: 0, pageLoad: 300000, script: 30000}, unhandledPromptBehavior: dismiss and notify, webauthn:extension:credBlob: true, webauthn:extension:largeBlob: true, webauthn:virtualAuthenticators: true}
Session ID: d6cc27591bfd9339a04d7d2aefa3d1e0">
      <![CDATA[org.openqa.selenium.ElementClickInterceptedException: element click intercepted: Element <iframe src="https://player.vimeo.com/video/356464956" width="600" height="300" frameborder="0" allow="autoplay; fullscreen" allowfullscreen="" cd_frame_id_="63015c3029e352964e2d2b881e3e5058"></iframe> is not clickable at point (319, 499). Other element would receive the click: <strong>...</strong>
  (Session info: chrome=105.0.5195.102)
Build info: version: '3.141.59', revision: 'e82be7d358', time: '2018-11-14T08:17:03'
System info: host: 'DESKTOP-9PBD117', ip: '192.168.43.210', os.name: 'Windows 10', os.arch: 'amd64', os.version: '10.0', java.version: '17.0.4'
Driver info: org.openqa.selenium.chrome.ChromeDriver
Capabilities {acceptInsecureCerts: false, browserName: chrome, browserVersion: 105.0.5195.102, chrome: {chromedriverVersion: 105.0.5195.52 (412c95e51883..., userDataDir: C:\Users\SHREYA~1\AppData\L...}, goog:chromeOptions: {debuggerAddress: localhost:57314}, javascriptEnabled: true, networkConnectionEnabled: false, pageLoadStrategy: normal, platform: WINDOWS, platformName: WINDOWS, proxy: Proxy(), setWindowRect: true, strictFileInteractability: false, timeouts: {implicit: 0, pageLoad: 300000, script: 30000}, unhandledPromptBehavior: dismiss and notify, webauthn:extension:credBlob: true, webauthn:extension:largeBlob: true, webauthn:virtualAuthenticators: true}
Session ID: d6cc27591bfd9339a04d7d2aefa3d1e0
at org.openqa.selenium.remote.http.W3CHttpResponseCodec.createException(W3CHttpResponseCodec.java:187)
at org.openqa.selenium.remote.http.W3CHttpResponseCodec.decode(W3CHttpResponseCodec.java:122)
at org.openqa.selenium.remote.http.W3CHttpResponseCodec.decode(W3CHttpResponseCodec.java:49)
at org.openqa.selenium.remote.HttpCommandExecutor.execute(HttpCommandExecutor.java:158)
at org.openqa.selenium.remote.service.DriverCommandExecutor.execute(DriverCommandExecutor.java:83)
at org.openqa.selenium.remote.RemoteWebDriver.execute(RemoteWebDriver.java:552)
at org.openqa.selenium.remote.RemoteWebElement.execute(RemoteWebElement.java:285)
at org.openqa.selenium.remote.RemoteWebElement.click(RemoteWebElement.java:84)
at org.openqa.selenium.support.pagefactory.internal.LocatingElementHandler.invoke(LocatingElementHandler.java:51)
at jdk.proxy2/jdk.proxy2.$Proxy12.click(Unknown Source)
at pomPages.Wishlistpage.playbutton(Wishlistpage.java:24)
at scripts.TestCase3.tc3(TestCase3.java:27)
at java.base/java.util.ArrayList.forEach(ArrayList.java:1511)
... Removed 36 stack frames]]>
    </failure>
  </testcase> <!-- tc3 -->
</testsuite> <!-- Test -->
